<?xml version='1.1' encoding='UTF-8'?>
<maven2-moduleset plugin="maven-plugin@2.14">
  <actions/>
  <description>Build Merritt mrt-gittest - use for branch ... testing</description>
  <keepDependencies>false</keepDependencies>
  <properties>
    <jenkins.model.BuildDiscarderProperty>
      <strategy class="hudson.tasks.LogRotator">
        <daysToKeep>-1</daysToKeep>
        <numToKeep>5</numToKeep>
        <artifactDaysToKeep>-1</artifactDaysToKeep>
        <artifactNumToKeep>-1</artifactNumToKeep>
      </strategy>
    </jenkins.model.BuildDiscarderProperty>
    <hudson.model.ParametersDefinitionProperty>
      <parameterDefinitions>
        <hudson.model.ChoiceParameterDefinition>
          <name>propertyDirName</name>
          <description></description>
          <choices class="java.util.Arrays$ArrayList">
            <a class="string-array">
              <string>demo</string>
              <string>dev</string>
              <string>stage</string>
              <string>prod</string>
            </a>
          </choices>
        </hudson.model.ChoiceParameterDefinition>
        <hudson.model.ChoiceParameterDefinition>
          <name>branch</name>
          <description>test - branch
master - branch</description>
          <choices class="java.util.Arrays$ArrayList">
            <a class="string-array">
              <string>test</string>
              <string>master</string>
            </a>
          </choices>
        </hudson.model.ChoiceParameterDefinition>
      </parameterDefinitions>
    </hudson.model.ParametersDefinitionProperty>
  </properties>
  <scm class="hudson.plugins.git.GitSCM" plugin="git@3.5.1">
    <configVersion>2</configVersion>
    <userRemoteConfigs>
      <hudson.plugins.git.UserRemoteConfig>
        <url>https://github.com/dloy/mrt-gittest.git</url>
      </hudson.plugins.git.UserRemoteConfig>
    </userRemoteConfigs>
    <branches>
      <hudson.plugins.git.BranchSpec>
        <name>*/$branch</name>
      </hudson.plugins.git.BranchSpec>
    </branches>
    <doGenerateSubmoduleConfigurations>false</doGenerateSubmoduleConfigurations>
    <submoduleCfg class="list"/>
    <extensions/>
  </scm>
  <canRoam>true</canRoam>
  <disabled>false</disabled>
  <blockBuildWhenDownstreamBuilding>false</blockBuildWhenDownstreamBuilding>
  <blockBuildWhenUpstreamBuilding>false</blockBuildWhenUpstreamBuilding>
  <jdk>Java 8</jdk>
  <triggers/>
  <concurrentBuild>false</concurrentBuild>
  <rootModule>
    <groupId>org.cdlib.mrt</groupId>
    <artifactId>mrt-gittest</artifactId>
  </rootModule>
  <goals>clean install -DpropertyDir=$propertyDirName</goals>
  <mavenName>maven311</mavenName>
  <mavenOpts>-Denvironment=development</mavenOpts>
  <aggregatorStyleBuild>true</aggregatorStyleBuild>
  <incrementalBuild>false</incrementalBuild>
  <ignoreUpstremChanges>true</ignoreUpstremChanges>
  <ignoreUnsuccessfulUpstreams>false</ignoreUnsuccessfulUpstreams>
  <archivingDisabled>false</archivingDisabled>
  <siteArchivingDisabled>false</siteArchivingDisabled>
  <fingerprintingDisabled>false</fingerprintingDisabled>
  <resolveDependencies>false</resolveDependencies>
  <processPlugins>false</processPlugins>
  <mavenValidationLevel>-1</mavenValidationLevel>
  <runHeadless>false</runHeadless>
  <settingConfigId></settingConfigId>
  <globalSettingConfigId></globalSettingConfigId>
  <disableTriggerDownstreamProjects>false</disableTriggerDownstreamProjects>
  <blockTriggerWhenBuilding>true</blockTriggerWhenBuilding>
  <settings class="jenkins.mvn.DefaultSettingsProvider"/>
  <globalSettings class="jenkins.mvn.DefaultGlobalSettingsProvider"/>
  <reporters>
    <hudson.maven.reporters.MavenMailer>
      <recipients>dloy@ucop.edu</recipients>
      <dontNotifyEveryUnstableBuild>false</dontNotifyEveryUnstableBuild>
      <sendToIndividuals>false</sendToIndividuals>
      <perModuleEmail>true</perModuleEmail>
    </hudson.maven.reporters.MavenMailer>
  </reporters>
  <publishers/>
  <buildWrappers/>
  <prebuilders>
    <hudson.tasks.Shell>
      <command></command>
    </hudson.tasks.Shell>
  </prebuilders>
  <postbuilders/>
  <runPostStepsIfResult>
    <name>SUCCESS</name>
    <ordinal>0</ordinal>
    <color>BLUE</color>
    <completeBuild>true</completeBuild>
  </runPostStepsIfResult>
</maven2-moduleset>